<?xml version="1.0" encoding="UTF-8"?>
<!-- Generated by org.testng.reporters.JUnitXMLReporter -->
<testsuite ignored="2" hostname="DESKTOP-D6O47K5" failures="0" tests="6" name="Test" time="48.904" errors="0" timestamp="2023-05-07T10:27:28 IST">
  <testcase classname="testscript.LoginTest2" name="loginMethod" time="10.355"/>
  <testcase classname="testscript.LoginTest" name="loginMethod" time="11.449"/>
  <testcase classname="testscript.LoginTest2" name="loginMethod1" time="8.356"/>
  <testcase classname="testscript.LoginTest" name="loginMethod1" time="11.118"/>
  <testcase classname="testscript.LoginTest" name="loginMethod2" time="11.506"/>
  <testcase classname="testscript.LoginTest" name="loginMethod3" time="8.157"/>
  <testcase classname="frameworklibrary.BaseTest" name="@BeforeTest setProperty" time="0.0">
    <ignored/>
  </testcase> <!-- @BeforeTest setProperty -->
  <testcase classname="frameworklibrary.BaseTest" name="@AfterTest afterTest" time="0.0">
    <ignored/>
  </testcase> <!-- @AfterTest afterTest -->
</testsuite> <!-- Test -->
