<?xml version="1.0" encoding="UTF-8"?>
<!-- Generated by org.testng.reporters.JUnitXMLReporter -->
<testsuite ignored="4" hostname="DESKTOP-D6O47K5" failures="0" tests="3" name="Command line test" time="55.543" errors="0" timestamp="2023-05-06T17:16:31 IST">
  <testcase classname="testscript.LoginTest" name="loginMethod" time="7.638"/>
  <testcase classname="testscript.RegistrationTest" name="SecondRegistration" time="8.527"/>
  <testcase classname="testscript.RegistrationTest" name="firstRegistration" time="3.744"/>
  <testcase classname="frameworklibrary.BaseTest" name="@BeforeTest setProperty" time="0.0">
    <ignored/>
  </testcase> <!-- @BeforeTest setProperty -->
  <testcase classname="frameworklibrary.BaseTest" name="@BeforeTest setProperty" time="0.0">
    <ignored/>
  </testcase> <!-- @BeforeTest setProperty -->
  <testcase classname="frameworklibrary.BaseTest" name="@AfterTest afterTest" time="0.0">
    <ignored/>
  </testcase> <!-- @AfterTest afterTest -->
  <testcase classname="frameworklibrary.BaseTest" name="@AfterTest afterTest" time="0.0">
    <ignored/>
  </testcase> <!-- @AfterTest afterTest -->
</testsuite> <!-- Command line test -->
