<?xml version="1.0" encoding="UTF-8"?>
<testng-results ignored="0" total="1" passed="1" failed="0" skipped="0">
  <reporter-output>
  </reporter-output>
  <suite started-at="2023-07-02T13:36:56 IST" name="Default suite" finished-at="2023-07-02T13:37:22 IST" duration-ms="25479">
    <groups>
    </groups>
    <test started-at="2023-07-02T13:36:56 IST" name="Default test" finished-at="2023-07-02T13:37:22 IST" duration-ms="25479">
      <class name="testscript.StripeApi">
        <test-method is-config="true" signature="beforeMethod(org.testng.ITestResult)[pri:0, instance:testscript.StripeApi@5acf93bb]" started-at="2023-07-02T13:36:57 IST" name="beforeMethod" finished-at="2023-07-02T13:37:01 IST" duration-ms="4347" status="PASS">
          <params>
            <param index="0">
              <value>
                <![CDATA[[TestResult name={null} status=CREATED method=StripeApi.launchMagneto()[pri:0, instance:testscript.StripeApi@5acf93bb] output={null}]]]>
              </value>
            </param>
          </params>
          <reporter-output>
          </reporter-output>
        </test-method> <!-- beforeMethod -->
        <test-method signature="launchMagneto()[pri:0, instance:testscript.StripeApi@5acf93bb]" started-at="2023-07-02T13:37:01 IST" name="launchMagneto" finished-at="2023-07-02T13:37:20 IST" duration-ms="18932" status="PASS">
          <reporter-output>
          </reporter-output>
        </test-method> <!-- launchMagneto -->
        <test-method is-config="true" signature="afterMethod(org.testng.ITestResult)[pri:0, instance:testscript.StripeApi@5acf93bb]" started-at="2023-07-02T13:37:20 IST" name="afterMethod" finished-at="2023-07-02T13:37:22 IST" duration-ms="1106" status="PASS">
          <params>
            <param index="0">
              <value>
                <![CDATA[[TestResult name=launchMagneto status=SUCCESS method=StripeApi.launchMagneto()[pri:0, instance:testscript.StripeApi@5acf93bb] output={null}]]]>
              </value>
            </param>
          </params>
          <reporter-output>
          </reporter-output>
        </test-method> <!-- afterMethod -->
        <test-method is-config="true" signature="afterClass()[pri:0, instance:testscript.StripeApi@5acf93bb]" started-at="2023-07-02T13:37:22 IST" name="afterClass" finished-at="2023-07-02T13:37:22 IST" duration-ms="1" status="PASS">
          <reporter-output>
          </reporter-output>
        </test-method> <!-- afterClass -->
        <test-method is-config="true" signature="afterTest()[pri:0, instance:testscript.StripeApi@5acf93bb]" started-at="2023-07-02T13:37:22 IST" name="afterTest" finished-at="2023-07-02T13:37:22 IST" duration-ms="1" status="PASS">
          <reporter-output>
          </reporter-output>
        </test-method> <!-- afterTest -->
      </class> <!-- testscript.StripeApi -->
    </test> <!-- Default test -->
  </suite> <!-- Default suite -->
</testng-results>
